0 verbose cli C:\Program Files\nodejs\node.exe C:\Program Files\nodejs\node_modules\npm\bin\npm-cli.js
1 info using npm@10.1.0
2 info using node@v20.9.0
3 timing npm:load:whichnode Completed in 3ms
4 timing config:load:defaults Completed in 2ms
5 timing config:load:file:C:\Program Files\nodejs\node_modules\npm\npmrc Completed in 5ms
6 timing config:load:builtin Completed in 5ms
7 timing config:load:cli Completed in 3ms
8 timing config:load:env Completed in 1ms
9 timing config:load:file:C:\Users\hp\Desktop\数据库设计\we_read_web\.npmrc Completed in 0ms
10 timing config:load:project Completed in 4ms
11 timing config:load:file:C:\Users\hp\.npmrc Completed in 1ms
12 timing config:load:user Completed in 1ms
13 timing config:load:file:C:\Program Files\nodejs\node_global\etc\npmrc Completed in 0ms
14 timing config:load:global Completed in 0ms
15 timing config:load:setEnvs Completed in 1ms
16 timing config:load Completed in 18ms
17 timing npm:load:configload Completed in 18ms
18 timing config:load:flatten Completed in 3ms
19 timing npm:load:mkdirpcache Completed in 1ms
20 timing npm:load:mkdirplogs Completed in 1ms
21 verbose title npm install mockjs
22 verbose argv "install" "mockjs" "--save-dev" "--cache" ".npm-cache"
23 timing npm:load:setTitle Completed in 1ms
24 timing npm:load:display Completed in 1ms
25 verbose logfile logs-max:10 dir:C:\Users\hp\Desktop\数据库设计\we_read_web\.npm-cache\_logs\2026-02-13T05_26_44_003Z-
26 verbose logfile C:\Users\hp\Desktop\数据库设计\we_read_web\.npm-cache\_logs\2026-02-13T05_26_44_003Z-debug-0.log
27 timing npm:load:logFile Completed in 12ms
28 timing npm:load:timers Completed in 0ms
29 timing npm:load:configScope Completed in 0ms
30 timing npm:load Completed in 89ms
31 timing arborist:ctor Completed in 2ms
32 silly logfile done cleaning log files
33 timing idealTree:init Completed in 1211ms
34 timing idealTree:userRequests Completed in 5ms
35 silly idealTree buildDeps
36 silly fetch manifest mockjs@*
37 verbose shrinkwrap failed to load node_modules/.package-lock.json out of date, updated: node_modules
38 http fetch GET 200 https://registry.npmmirror.com/mockjs 1556ms (cache miss)
39 silly placeDep ROOT mockjs@1.1.0 OK for: we_read_web@0.1.0 want: *
40 timing idealTree:#root Completed in 1584ms
41 timing idealTree:node_modules/mockjs Completed in 0ms
42 timing idealTree:buildDeps Completed in 1588ms
43 timing idealTree:fixDepFlags Completed in 11ms
44 timing idealTree Completed in 2840ms
45 timing reify:loadTrees Completed in 2843ms
46 timing reify:diffTrees Completed in 163ms
47 silly reify moves {}
48 timing reify:retireShallow Completed in 2ms
49 timing reify:createSparse Completed in 29ms
50 timing reify:loadBundles Completed in 0ms
51 silly audit bulk request {
51 silly audit   '@achrinza/node-ipc': [ '9.2.9' ],
51 silly audit   '@ampproject/remapping': [ '2.3.0' ],
51 silly audit   '@babel/code-frame': [ '7.26.2', '7.12.11' ],
51 silly audit   '@babel/compat-data': [ '7.26.8' ],
51 silly audit   '@babel/core': [ '7.26.9' ],
51 silly audit   '@babel/eslint-parser': [ '7.26.8' ],
51 silly audit   '@babel/generator': [ '7.26.9' ],
51 silly audit   '@babel/helper-annotate-as-pure': [ '7.25.9' ],
51 silly audit   '@babel/helper-compilation-targets': [ '7.26.5' ],
51 silly audit   '@babel/helper-create-class-features-plugin': [ '7.26.9' ],
51 silly audit   '@babel/helper-create-regexp-features-plugin': [ '7.26.3' ],
51 silly audit   '@babel/helper-define-polyfill-provider': [ '0.6.3' ],
51 silly audit   '@babel/helper-member-expression-to-functions': [ '7.25.9' ],
51 silly audit   '@babel/helper-module-imports': [ '7.25.9' ],
51 silly audit   '@babel/helper-module-transforms': [ '7.26.0' ],
51 silly audit   '@babel/helper-optimise-call-expression': [ '7.25.9' ],
51 silly audit   '@babel/helper-plugin-utils': [ '7.26.5' ],
51 silly audit   '@babel/helper-remap-async-to-generator': [ '7.25.9' ],
51 silly audit   '@babel/helper-replace-supers': [ '7.26.5' ],
51 silly audit   '@babel/helper-skip-transparent-expression-wrappers': [ '7.25.9' ],
51 silly audit   '@babel/helper-string-parser': [ '7.25.9' ],
51 silly audit   '@babel/helper-validator-identifier': [ '7.25.9' ],
51 silly audit   '@babel/helper-validator-option': [ '7.25.9' ],
51 silly audit   '@babel/helper-wrap-function': [ '7.25.9' ],
51 silly audit   '@babel/helpers': [ '7.26.9' ],
51 silly audit   '@babel/highlight': [ '7.25.9' ],
51 silly audit   'ansi-styles': [ '3.2.1', '4.3.0' ],
51 silly audit   chalk: [ '2.4.2', '4.1.2', '3.0.0' ],
51 silly audit   'color-convert': [ '1.9.3', '2.0.1' ],
51 silly audit   'color-name': [ '1.1.3', '1.1.4' ],
51 silly audit   'has-flag': [ '3.0.0', '4.0.0' ],
51 silly audit   'supports-color': [ '5.5.0', '8.1.1', '7.2.0' ],
51 silly audit   '@babel/parser': [ '7.26.9' ],
51 silly audit   '@babel/plugin-bugfix-firefox-class-in-computed-class-key': [ '7.25.9' ],
51 silly audit   '@babel/plugin-bugfix-safari-class-field-initializer-scope': [ '7.25.9' ],
51 silly audit   '@babel/plugin-bugfix-safari-id-destructuring-collision-in-function-expression': [ '7.25.9' ],
51 silly audit   '@babel/plugin-bugfix-v8-spread-parameters-in-optional-chaining': [ '7.25.9' ],
51 silly audit   '@babel/plugin-bugfix-v8-static-class-fields-redefine-readonly': [ '7.25.9' ],
51 silly audit   '@babel/plugin-proposal-class-properties': [ '7.18.6' ],
51 silly audit   '@babel/plugin-proposal-decorators': [ '7.25.9' ],
51 silly audit   '@babel/plugin-proposal-private-property-in-object': [ '7.21.0-placeholder-for-preset-env.2' ],
51 silly audit   '@babel/plugin-syntax-decorators': [ '7.25.9' ],
51 silly audit   '@babel/plugin-syntax-dynamic-import': [ '7.8.3' ],
51 silly audit   '@babel/plugin-syntax-import-assertions': [ '7.26.0' ],
51 silly audit   '@babel/plugin-syntax-import-attributes': [ '7.26.0' ],
51 silly audit   '@babel/plugin-syntax-jsx': [ '7.25.9' ],
51 silly audit   '@babel/plugin-syntax-unicode-sets-regex': [ '7.18.6' ],
51 silly audit   '@babel/plugin-transform-arrow-functions': [ '7.25.9' ],
51 silly audit   '@babel/plugin-transform-async-generator-functions': [ '7.26.8' ],
51 silly audit   '@babel/plugin-transform-async-to-generator': [ '7.25.9' ],
51 silly audit   '@babel/plugin-transform-block-scoped-functions': [ '7.26.5' ],
51 silly audit   '@babel/plugin-transform-block-scoping': [ '7.25.9' ],
51 silly audit   '@babel/plugin-transform-class-properties': [ '7.25.9' ],
51 silly audit   '@babel/plugin-transform-class-static-block': [ '7.26.0' ],
51 silly audit   '@babel/plugin-transform-classes': [ '7.25.9' ],
51 silly audit   '@babel/plugin-transform-computed-properties': [ '7.25.9' ],
51 silly audit   '@babel/plugin-transform-destructuring': [ '7.25.9' ],
51 silly audit   '@babel/plugin-transform-dotall-regex': [ '7.25.9' ],
51 silly audit   '@babel/plugin-transform-duplicate-keys': [ '7.25.9' ],
51 silly audit   '@babel/plugin-transform-duplicate-named-capturing-groups-regex': [ '7.25.9' ],
51 silly audit   '@babel/plugin-transform-dynamic-import': [ '7.25.9' ],
51 silly audit   '@babel/plugin-transform-exponentiation-operator': [ '7.26.3' ],
51 silly audit   '@babel/plugin-transform-export-namespace-from': [ '7.25.9' ],
51 silly audit   '@babel/plugin-transform-for-of': [ '7.26.9' ],
51 silly audit   '@babel/plugin-transform-function-name': [ '7.25.9' ],
51 silly audit   '@babel/plugin-transform-json-strings': [ '7.25.9' ],
51 silly audit   '@babel/plugin-transform-literals': [ '7.25.9' ],
51 silly audit   '@babel/plugin-transform-logical-assignment-operators': [ '7.25.9' ],
51 silly audit   '@babel/plugin-transform-member-expression-literals': [ '7.25.9' ],
51 silly audit   '@babel/plugin-transform-modules-amd': [ '7.25.9' ],
51 silly audit   '@babel/plugin-transform-modules-commonjs': [ '7.26.3' ],
51 silly audit   '@babel/plugin-transform-modules-systemjs': [ '7.25.9' ],
51 silly audit   '@babel/plugin-transform-modules-umd': [ '7.25.9' ],
51 silly audit   '@babel/plugin-transform-named-capturing-groups-regex': [ '7.25.9' ],
51 silly audit   '@babel/plugin-transform-new-target': [ '7.25.9' ],
51 silly audit   '@babel/plugin-transform-nullish-coalescing-operator': [ '7.26.6' ],
51 silly audit   '@babel/plugin-transform-numeric-separator': [ '7.25.9' ],
51 silly audit   '@babel/plugin-transform-object-rest-spread': [ '7.25.9' ],
51 silly audit   '@babel/plugin-transform-object-super': [ '7.25.9' ],
51 silly audit   '@babel/plugin-transform-optional-catch-binding': [ '7.25.9' ],
51 silly audit   '@babel/plugin-transform-optional-chaining': [ '7.25.9' ],
51 silly audit   '@babel/plugin-transform-parameters': [ '7.25.9' ],
51 silly audit   '@babel/plugin-transform-private-methods': [ '7.25.9' ],
51 silly audit   '@babel/plugin-transform-private-property-in-object': [ '7.25.9' ],
51 silly audit   '@babel/plugin-transform-property-literals': [ '7.25.9' ],
51 silly audit   '@babel/plugin-transform-regenerator': [ '7.25.9' ],
51 silly audit   '@babel/plugin-transform-regexp-modifiers': [ '7.26.0' ],
51 silly audit   '@babel/plugin-transform-reserved-words': [ '7.25.9' ],
51 silly audit   '@babel/plugin-transform-runtime': [ '7.26.9' ],
51 silly audit   '@babel/plugin-transform-shorthand-properties': [ '7.25.9' ],
51 silly audit   '@babel/plugin-transform-spread': [ '7.25.9' ],
51 silly audit   '@babel/plugin-transform-sticky-regex': [ '7.25.9' ],
51 silly audit   '@babel/plugin-transform-template-literals': [ '7.26.8' ],
51 silly audit   '@babel/plugin-transform-typeof-symbol': [ '7.26.7' ],
51 silly audit   '@babel/plugin-transform-unicode-escapes': [ '7.25.9' ],
51 silly audit   '@babel/plugin-transform-unicode-property-regex': [ '7.25.9' ],
51 silly audit   '@babel/plugin-transform-unicode-regex': [ '7.25.9' ],
51 silly audit   '@babel/plugin-transform-unicode-sets-regex': [ '7.25.9' ],
51 silly audit   '@babel/preset-env': [ '7.26.9' ],
51 silly audit   'babel-plugin-polyfill-corejs3': [ '0.11.1', '0.10.6' ],
51 silly audit   '@babel/preset-modules': [ '0.1.6-no-external-plugins' ],
51 silly audit   '@babel/runtime': [ '7.26.9' ],
51 silly audit   '@babel/template': [ '7.26.9' ],
51 silly audit   '@babel/traverse': [ '7.26.9' ],
51 silly audit   '@babel/types': [ '7.26.9' ],
51 silly audit   '@ctrl/tinycolor': [ '3.6.1' ],
51 silly audit   '@discoveryjs/json-ext': [ '0.5.7' ],
51 silly audit   '@element-plus/icons-vue': [ '2.3.1' ],
51 silly audit   '@eslint/eslintrc': [ '0.4.3' ],
51 silly audit   globals: [ '13.24.0', '11.12.0' ],
51 silly audit   ignore: [ '4.0.6', '7.0.3', '5.3.2' ],
51 silly audit   'type-fest': [ '0.20.2', '0.8.1', '0.6.0' ],
51 silly audit   '@floating-ui/core': [ '1.6.9' ],
51 silly audit   '@floating-ui/dom': [ '1.6.13' ],
51 silly audit   '@floating-ui/utils': [ '0.2.9' ],
51 silly audit   '@hapi/hoek': [ '9.3.0' ],
51 silly audit   '@hapi/topo': [ '5.1.0' ],
51 silly audit   '@humanwhocodes/config-array': [ '0.5.0' ],
51 silly audit   '@humanwhocodes/object-schema': [ '1.2.1' ],
51 silly audit   '@jridgewell/gen-mapping': [ '0.3.8' ],
51 silly audit   '@jridgewell/resolve-uri': [ '3.1.2' ],
51 silly audit   '@jridgewell/set-array': [ '1.2.1' ],
51 silly audit   '@jridgewell/source-map': [ '0.3.6' ],
51 silly audit   '@jridgewell/sourcemap-codec': [ '1.5.0' ],
51 silly audit   '@jridgewell/trace-mapping': [ '0.3.25' ],
51 silly audit   '@leichtgewicht/ip-codec': [ '2.0.5' ],
51 silly audit   '@nicolo-ribaudo/eslint-scope-5-internals': [ '5.1.1-v1' ],
51 silly audit   '@node-ipc/js-queue': [ '2.0.3' ],
51 silly audit   '@nodelib/fs.scandir': [ '2.1.5' ],
51 silly audit   '@nodelib/fs.stat': [ '2.0.5' ],
51 silly audit   '@nodelib/fs.walk': [ '1.2.8' ],
51 silly audit   '@nuxt/kit': [ '3.16.0' ],
51 silly audit   globby: [ '14.1.0', '11.1.0' ],
51 silly audit   'path-type': [ '6.0.0', '4.0.0' ],
51 silly audit   semver: [ '7.7.1', '5.7.2', '6.3.1' ],
51 silly audit   slash: [ '5.1.0', '3.0.0' ],
51 silly audit   '@parcel/watcher': [ '2.5.1' ],
51 silly audit   '@parcel/watcher-android-arm64': [ '2.5.1' ],
51 silly audit   '@parcel/watcher-darwin-arm64': [ '2.5.1' ],
51 silly audit   '@parcel/watcher-darwin-x64': [ '2.5.1' ],
51 silly audit   '@parcel/watcher-freebsd-x64': [ '2.5.1' ],
51 silly audit   '@parcel/watcher-linux-arm-glibc': [ '2.5.1' ],
51 silly audit   '@parcel/watcher-linux-arm-musl': [ '2.5.1' ],
51 silly audit   '@parcel/watcher-linux-arm64-glibc': [ '2.5.1' ],
51 silly audit   '@parcel/watcher-linux-arm64-musl': [ '2.5.1' ],
51 silly audit   '@parcel/watcher-linux-x64-glibc': [ '2.5.1' ],
51 silly audit   '@parcel/watcher-linux-x64-musl': [ '2.5.1' ],
51 silly audit   '@parcel/watcher-win32-arm64': [ '2.5.1' ],
51 silly audit   '@parcel/watcher-win32-ia32': [ '2.5.1' ],
51 silly audit   '@parcel/watcher-win32-x64': [ '2.5.1' ],
51 silly audit   '@polka/url': [ '1.0.0-next.28' ],
51 silly audit   '@sxzz/popperjs-es': [ '2.11.7' ],
51 silly audit   '@sideway/address': [ '4.1.5' ],
51 silly audit   '@sideway/formula': [ '3.0.1' ],
51 silly audit   '@sideway/pinpoint': [ '2.0.0' ],
51 silly audit   '@sindresorhus/merge-streams': [ '2.3.0' ],
51 silly audit   '@soda/friendly-errors-webpack-plugin': [ '1.8.1' ],
51 silly audit   '@soda/get-current-script': [ '1.0.2' ],
51 silly audit   '@trysound/sax': [ '0.2.0' ],
51 silly audit   '@types/body-parser': [ '1.19.5' ],
51 silly audit   '@types/bonjour': [ '3.5.13' ],
51 silly audit   '@types/connect': [ '3.4.38' ],
51 silly audit   '@types/connect-history-api-fallback': [ '1.5.4' ],
51 silly audit   '@types/eslint': [ '8.56.12' ],
51 silly audit   '@types/eslint-scope': [ '3.7.7' ],
51 silly audit   '@types/estree': [ '1.0.6' ],
51 silly audit   '@types/express': [ '4.17.21' ],
51 silly audit   '@types/express-serve-static-core': [ '5.0.6', '4.19.6' ],
51 silly audit   '@types/html-minifier-terser': [ '6.1.0' ],
51 silly audit   '@types/http-errors': [ '2.0.4' ],
51 silly audit   '@types/http-proxy': [ '1.17.16' ],
51 silly audit   '@types/json-schema': [ '7.0.15' ],
51 silly audit   '@types/lodash': [ '4.17.15' ],
51 silly audit   '@types/lodash-es': [ '4.17.12' ],
51 silly audit   '@types/mime': [ '1.3.5' ],
51 silly audit   '@types/minimist': [ '1.2.5' ],
51 silly audit   '@types/node': [ '22.13.4' ],
51 silly audit   '@types/node-forge': [ '1.3.11' ],
51 silly audit   '@types/normalize-package-data': [ '2.4.4' ],
51 silly audit   '@types/parse-json': [ '4.0.2' ],
51 silly audit   '@types/qs': [ '6.9.18' ],
51 silly audit   '@types/range-parser': [ '1.2.7' ],
51 silly audit   '@types/retry': [ '0.12.0' ],
51 silly audit   '@types/send': [ '0.17.4' ],
51 silly audit   '@types/serve-index': [ '1.9.4' ],
51 silly audit   '@types/serve-static': [ '1.15.7' ],
51 silly audit   '@types/sockjs': [ '0.3.36' ],
51 silly audit   '@types/web-bluetooth': [ '0.0.16' ],
51 silly audit   '@types/ws': [ '8.5.14' ],
51 silly audit   '@vue/babel-helper-vue-jsx-merge-props': [ '1.4.0' ],
51 silly audit   '@vue/babel-helper-vue-transform-on': [ '1.2.5' ],
51 silly audit   '@vue/babel-plugin-jsx': [ '1.2.5' ],
51 silly audit   '@vue/babel-plugin-resolve-type': [ '1.2.5' ],
51 silly audit   '@vue/babel-plugin-transform-vue-jsx': [ '1.4.0' ],
51 silly audit   'html-tags': [ '2.0.0', '3.3.1' ],
51 silly audit   '@vue/babel-preset-app': [ '5.0.8' ],
51 silly audit   '@vue/babel-preset-jsx': [ '1.4.0' ],
51 silly audit   '@vue/babel-sugar-composition-api-inject-h': [ '1.4.0' ],
51 silly audit   '@vue/babel-sugar-composition-api-render-instance': [ '1.4.0' ],
51 silly audit   '@vue/babel-sugar-functional-vue': [ '1.4.0' ],
51 silly audit   '@vue/babel-sugar-inject-h': [ '1.4.0' ],
51 silly audit   '@vue/babel-sugar-v-model': [ '1.4.0' ],
51 silly audit   '@vue/babel-sugar-v-on': [ '1.4.0' ],
51 silly audit   '@vue/cli-overlay': [ '5.0.8' ],
51 silly audit   '@vue/cli-plugin-babel': [ '5.0.8' ],
51 silly audit   '@vue/cli-plugin-eslint': [ '5.0.8' ],
51 silly audit   '@vue/cli-plugin-router': [ '5.0.8' ],
51 silly audit   '@vue/cli-plugin-vuex': [ '5.0.8' ],
51 silly audit   '@vue/cli-service': [ '5.0.8' ],
51 silly audit   '@vue/cli-shared-utils': [ '5.0.8' ],
51 silly audit   'lru-cache': [ '6.0.0', '4.1.5', '5.1.1' ],
51 silly audit   yallist: [ '4.0.0', '2.1.2', '3.1.1' ],
51 silly audit   '@vue/compiler-core': [ '3.5.13' ],
51 silly audit   '@vue/compiler-dom': [ '3.5.13' ],
51 silly audit   '@vue/compiler-sfc': [ '3.5.13' ],
51 silly audit   '@vue/compiler-ssr': [ '3.5.13' ],
51 silly audit   '@vue/component-compiler-utils': [ '3.3.0' ],
51 silly audit   'hash-sum': [ '1.0.2', '2.0.0' ],
51 silly audit   picocolors: [ '0.2.1', '1.1.1' ],
51 silly audit   postcss: [ '7.0.39', '8.5.3' ],
51 silly audit   '@vue/devtools-api': [ '6.6.4', '7.7.2' ],
51 silly audit   '@vue/devtools-kit': [ '7.7.2' ],
51 silly audit   '@vue/devtools-shared': [ '7.7.2' ],
51 silly audit   '@vue/reactivity': [ '3.5.13' ],
51 silly audit   '@vue/runtime-core': [ '3.5.13' ],
51 silly audit   '@vue/runtime-dom': [ '3.5.13' ],
51 silly audit   '@vue/server-renderer': [ '3.5.13' ],
51 silly audit   '@vue/shared': [ '3.5.13' ],
51 silly audit   'vue-loader': [ '15.11.1', '17.4.2' ],
51 silly audit   '@vue/web-component-wrapper': [ '1.3.0' ],
51 silly audit   '@vueuse/core': [ '9.13.0' ],
51 silly audit   '@vueuse/metadata': [ '9.13.0' ],
51 silly audit   '@vueuse/shared': [ '9.13.0' ],
51 silly audit   '@webassemblyjs/ast': [ '1.14.1' ],
51 silly audit   '@webassemblyjs/floating-point-hex-parser': [ '1.13.2' ],
51 silly audit   '@webassemblyjs/helper-api-error': [ '1.13.2' ],
51 silly audit   '@webassemblyjs/helper-buffer': [ '1.14.1' ],
51 silly audit   '@webassemblyjs/helper-numbers': [ '1.13.2' ],
51 silly audit   '@webassemblyjs/helper-wasm-bytecode': [ '1.13.2' ],
51 silly audit   '@webassemblyjs/helper-wasm-section': [ '1.14.1' ],
51 silly audit   '@webassemblyjs/ieee754': [ '1.13.2' ],
51 silly audit   '@webassemblyjs/leb128': [ '1.13.2' ],
51 silly audit   '@webassemblyjs/utf8': [ '1.13.2' ],
51 silly audit   '@webassemblyjs/wasm-edit': [ '1.14.1' ],
51 silly audit   '@webassemblyjs/wasm-gen': [ '1.14.1' ],
51 silly audit   '@webassemblyjs/wasm-opt': [ '1.14.1' ],
51 silly audit   '@webassemblyjs/wasm-parser': [ '1.14.1' ],
51 silly audit   '@webassemblyjs/wast-printer': [ '1.14.1' ],
51 silly audit   '@xtuc/ieee754': [ '1.2.0' ],
51 silly audit   '@xtuc/long': [ '4.2.2' ],
51 silly audit   accepts: [ '1.3.8' ],
51 silly audit   negotiator: [ '0.6.3', '0.6.4' ],
51 silly audit   acorn: [ '8.14.0', '7.4.1' ],
51 silly audit   'acorn-jsx': [ '5.3.2' ],
51 silly audit   'acorn-walk': [ '8.3.4' ],
51 silly audit   address: [ '1.2.2' ],
51 silly audit   ajv: [ '6.12.6', '8.17.1' ],
51 silly audit   'ajv-formats': [ '2.1.1' ],
51 silly audit   'json-schema-traverse': [ '1.0.0', '0.4.1' ],
51 silly audit   'ajv-keywords': [ '3.5.2', '5.1.0' ],
51 silly audit   'ansi-colors': [ '4.1.3' ],
51 silly audit   'ansi-escapes': [ '3.2.0' ],
51 silly audit   'ansi-html-community': [ '0.0.8' ],
51 silly audit   'ansi-regex': [ '5.0.1', '3.0.1' ],
51 silly audit   'any-promise': [ '1.3.0' ],
51 silly audit   anymatch: [ '3.1.3' ],
51 silly audit   picomatch: [ '2.3.1', '4.0.3' ],
51 silly audit   arch: [ '2.2.0' ],
51 silly audit   argparse: [ '1.0.10' ],
51 silly audit   'array-flatten': [ '1.1.1' ],
51 silly audit   'array-union': [ '2.1.0' ],
51 silly audit   'astral-regex': [ '2.0.0' ],
51 silly audit   async: [ '2.6.4' ],
51 silly audit   'async-validator': [ '4.2.5' ],
51 silly audit   asynckit: [ '0.4.0' ],
51 silly audit   'at-least-node': [ '1.0.0' ],
51 silly audit   autoprefixer: [ '10.4.20' ],
51 silly audit   axios: [ '1.8.2' ],
51 silly audit   'babel-loader': [ '8.4.1' ],
51 silly audit   'loader-utils': [ '2.0.4', '1.4.2' ],
51 silly audit   'babel-plugin-dynamic-import-node': [ '2.3.3' ],
51 silly audit   'babel-plugin-polyfill-corejs2': [ '0.4.12' ],
51 silly audit   'babel-plugin-polyfill-regenerator': [ '0.6.3' ],
51 silly audit   'balanced-match': [ '1.0.2' ],
51 silly audit   'base64-js': [ '1.5.1' ],
51 silly audit   batch: [ '0.6.1' ],
51 silly audit   'big.js': [ '5.2.2' ],
51 silly audit   'binary-extensions': [ '2.3.0' ],
51 silly audit   birpc: [ '0.2.19' ],
51 silly audit   bl: [ '4.1.0' ],
51 silly audit   bluebird: [ '3.7.2' ],
51 silly audit   'body-parser': [ '1.20.3' ],
51 silly audit   debug: [ '2.6.9', '4.4.0', '3.2.7' ],
51 silly audit   ms: [ '2.0.0', '2.1.3' ],
51 silly audit   'bonjour-service': [ '1.3.0' ],
51 silly audit   boolbase: [ '1.0.0' ],
51 silly audit   'brace-expansion': [ '1.1.11' ],
51 silly audit   braces: [ '3.0.3' ],
51 silly audit   browserslist: [ '4.24.4' ],
51 silly audit   buffer: [ '5.7.1' ],
51 silly audit   'buffer-from': [ '1.1.2' ],
51 silly audit   bytes: [ '3.1.2' ],
51 silly audit   c12: [ '3.0.2' ],
51 silly audit   chokidar: [ '4.0.3', '3.6.0' ],
51 silly audit   dotenv: [ '16.4.7', '10.0.0' ],
51 silly audit   readdirp: [ '4.1.2', '3.6.0' ],
51 silly audit   'call-bind': [ '1.0.8' ],
51 silly audit   'call-bind-apply-helpers': [ '1.0.2' ],
51 silly audit   'call-bound': [ '1.0.3' ],
51 silly audit   callsites: [ '3.1.0' ],
51 silly audit   'camel-case': [ '4.1.2' ],
51 silly audit   camelcase: [ '5.3.1' ],
51 silly audit   'caniuse-api': [ '3.0.0' ],
51 silly audit   'caniuse-lite': [ '1.0.30001700' ],
51 silly audit   'case-sensitive-paths-webpack-plugin': [ '2.4.0' ],
51 silly audit   'glob-parent': [ '5.1.2', '6.0.2' ],
51 silly audit   'chrome-trace-event': [ '1.0.4' ],
51 silly audit   'ci-info': [ '1.6.0' ],
51 silly audit   citty: [ '0.1.6' ],
51 silly audit   'clean-css': [ '5.3.3' ],
51 silly audit   'cli-cursor': [ '3.1.0', '2.1.0' ],
51 silly audit   'cli-highlight': [ '2.1.11' ],
51 silly audit   'cli-spinners': [ '2.9.2' ],
51 silly audit   clipboardy: [ '2.3.0' ],
51 silly audit   cliui: [ '7.0.4' ],
51 silly audit   clone: [ '1.0.4' ],
51 silly audit   'clone-deep': [ '4.0.1' ],
51 silly audit   colord: [ '2.9.3' ],
51 silly audit   colorette: [ '2.0.20' ],
51 silly audit   'combined-stream': [ '1.0.8' ],
51 silly audit   commander: [ '8.3.0', '7.2.0', '2.20.3' ],
51 silly audit   commondir: [ '1.0.1' ],
51 silly audit   compressible: [ '2.0.18' ],
51 silly audit   compression: [ '1.8.0' ],
51 silly audit   'concat-map': [ '0.0.1' ],
51 silly audit   confbox: [ '0.1.8', '0.2.1' ],
51 silly audit   'connect-history-api-fallback': [ '2.0.0' ],
51 silly audit   consola: [ '3.4.0' ],
51 silly audit   consolidate: [ '0.15.1' ],
51 silly audit   'content-disposition': [ '0.5.4' ],
51 silly audit   'content-type': [ '1.0.5' ],
51 silly audit   'convert-source-map': [ '2.0.0' ],
51 silly audit   cookie: [ '0.7.1' ],
51 silly audit   'cookie-signature': [ '1.0.6' ],
51 silly audit   'copy-anything': [ '3.0.5' ],
51 silly audit   'copy-webpack-plugin': [ '9.1.0' ],
51 silly audit   'schema-utils': [ '3.3.0', '4.3.0', '2.7.1' ],
51 silly audit   'core-js': [ '3.41.0' ],
51 silly audit   'core-js-compat': [ '3.40.0' ],
51 silly audit   'core-util-is': [ '1.0.3' ],
51 silly audit   cosmiconfig: [ '7.1.0' ],
51 silly audit   'cross-spawn': [ '6.0.6', '7.0.6', '5.1.0' ],
51 silly audit   'css-declaration-sorter': [ '6.4.1' ],
51 silly audit   'css-loader': [ '6.11.0' ],
51 silly audit   'css-minimizer-webpack-plugin': [ '3.4.1' ],
51 silly audit   'css-select': [ '4.3.0' ],
51 silly audit   'css-tree': [ '1.1.3' ],
51 silly audit   'css-what': [ '6.1.0' ],
51 silly audit   cssesc: [ '3.0.0' ],
51 silly audit   cssnano: [ '5.1.15' ],
51 silly audit   'cssnano-preset-default': [ '5.2.14' ],
51 silly audit   'cssnano-utils': [ '3.1.0' ],
51 silly audit   csso: [ '4.2.0' ],
51 silly audit   csstype: [ '3.1.3' ],
51 silly audit   'date-fns': [ '4.1.0' ],
51 silly audit   dayjs: [ '1.11.13' ],
51 silly audit   debounce: [ '1.2.1' ],
51 silly audit   'deep-is': [ '0.1.4' ],
51 silly audit   'deep-pick-omit': [ '1.2.1' ],
51 silly audit   deepmerge: [ '1.5.2' ],
51 silly audit   'default-gateway': [ '6.0.3' ],
51 silly audit   execa: [ '5.1.1', '1.0.0', '0.8.0' ],
51 silly audit   'get-stream': [ '6.0.1', '4.1.0', '3.0.0' ],
51 silly audit   'is-stream': [ '2.0.1', '1.1.0' ],
51 silly audit   'npm-run-path': [ '4.0.1', '2.0.2' ],
51 silly audit   'path-key': [ '3.1.1', '2.0.1' ],
51 silly audit   'shebang-command': [ '2.0.0', '1.2.0' ],
51 silly audit   'shebang-regex': [ '3.0.0', '1.0.0' ],
51 silly audit   which: [ '2.0.2', '1.3.1' ],
51 silly audit   defaults: [ '1.0.4' ],
51 silly audit   'define-data-property': [ '1.1.4' ],
51 silly audit   'define-lazy-prop': [ '2.0.0' ],
51 silly audit   'define-properties': [ '1.2.1' ],
51 silly audit   defu: [ '6.1.4' ],
51 silly audit   'delayed-stream': [ '1.0.0' ],
51 silly audit   depd: [ '2.0.0', '1.1.2' ],
51 silly audit   destr: [ '2.0.3' ],
51 silly audit   destroy: [ '1.2.0' ],
51 silly audit   'detect-libc': [ '1.0.3' ],
51 silly audit   'detect-node': [ '2.1.0' ],
51 silly audit   'dir-glob': [ '3.0.1' ],
51 silly audit   'dns-packet': [ '5.6.1' ],
51 silly audit   doctrine: [ '3.0.0' ],
51 silly audit   'dom-converter': [ '0.2.0' ],
51 silly audit   'dom-serializer': [ '1.4.1' ],
51 silly audit   entities: [ '2.2.0', '4.5.0' ],
51 silly audit   domelementtype: [ '2.3.0' ],
51 silly audit   domhandler: [ '4.3.1' ],
51 silly audit   domutils: [ '2.8.0' ],
51 silly audit   'dot-case': [ '3.0.4' ],
51 silly audit   'dotenv-expand': [ '5.1.0' ],
51 silly audit   'dunder-proto': [ '1.0.1' ],
51 silly audit   duplexer: [ '0.1.2' ],
51 silly audit   'easy-stack': [ '1.0.1' ],
51 silly audit   'ee-first': [ '1.1.1' ],
51 silly audit   'electron-to-chromium': [ '1.5.102' ],
51 silly audit   'element-plus': [ '2.9.6' ],
51 silly audit   'emoji-regex': [ '8.0.0' ],
51 silly audit   'emojis-list': [ '3.0.0' ],
51 silly audit   encodeurl: [ '2.0.0', '1.0.2' ],
51 silly audit   'end-of-stream': [ '1.4.4' ],
51 silly audit   'enhanced-resolve': [ '5.18.1' ],
51 silly audit   enquirer: [ '2.4.1' ],
51 silly audit   'error-ex': [ '1.3.2' ],
51 silly audit   'error-stack-parser': [ '2.1.4' ],
51 silly audit   errx: [ '0.1.0' ],
51 silly audit   'es-define-property': [ '1.0.1' ],
51 silly audit   'es-errors': [ '1.3.0' ],
51 silly audit   'es-module-lexer': [ '1.6.0' ],
51 silly audit   'es-object-atoms': [ '1.1.1' ],
51 silly audit   'es-set-tostringtag': [ '2.1.0' ],
51 silly audit   escalade: [ '3.2.0' ],
51 silly audit   'escape-html': [ '1.0.3' ],
51 silly audit   'escape-string-regexp': [ '1.0.5', '4.0.0', '5.0.0' ],
51 silly audit   eslint: [ '7.32.0' ],
51 silly audit   'eslint-plugin-vue': [ '8.7.1' ],
51 silly audit   'eslint-utils': [ '3.0.0', '2.1.0' ],
51 silly audit   'eslint-scope': [ '5.1.1', '7.2.2' ],
51 silly audit   'eslint-visitor-keys': [ '1.3.0', '2.1.0', '3.4.3' ],
51 silly audit   'eslint-webpack-plugin': [ '3.2.0' ],
51 silly audit   'jest-worker': [ '28.1.3', '27.5.1' ],
51 silly audit   espree: [ '7.3.1', '9.6.1' ],
51 silly audit   esprima: [ '4.0.1' ],
51 silly audit   esquery: [ '1.6.0' ],
51 silly audit   estraverse: [ '5.3.0', '4.3.0' ],
51 silly audit   esrecurse: [ '4.3.0' ],
51 silly audit   'estree-walker': [ '2.0.2', '3.0.3' ],
51 silly audit   esutils: [ '2.0.3' ],
51 silly audit   etag: [ '1.8.1' ],
51 silly audit   'event-pubsub': [ '4.3.0' ],
51 silly audit   eventemitter3: [ '4.0.7' ],
51 silly audit   events: [ '3.3.0' ],
51 silly audit   express: [ '4.21.2' ],
51 silly audit   exsolve: [ '1.0.2' ],
51 silly audit   'fast-deep-equal': [ '3.1.3' ],
51 silly audit   'fast-glob': [ '3.3.3' ],
51 silly audit   'fast-json-stable-stringify': [ '2.1.0' ],
51 silly audit   'fast-levenshtein': [ '2.0.6' ],
51 silly audit   'fast-uri': [ '3.0.6' ],
51 silly audit   fastq: [ '1.19.0' ],
51 silly audit   'faye-websocket': [ '0.11.4' ],
51 silly audit   fdir: [ '6.4.3' ],
51 silly audit   figures: [ '2.0.0' ],
51 silly audit   'file-entry-cache': [ '6.0.1' ],
51 silly audit   'fill-range': [ '7.1.1' ],
51 silly audit   finalhandler: [ '1.3.1' ],
51 silly audit   'find-cache-dir': [ '3.3.2' ],
51 silly audit   'find-up': [ '4.1.0' ],
51 silly audit   flat: [ '5.0.2' ],
51 silly audit   'flat-cache': [ '3.2.0' ],
51 silly audit   flatted: [ '3.3.3' ],
51 silly audit   'follow-redirects': [ '1.15.9' ],
51 silly audit   'form-data': [ '4.0.2' ],
51 silly audit   forwarded: [ '0.2.0' ],
51 silly audit   'fraction.js': [ '4.3.7' ],
51 silly audit   fresh: [ '0.5.2' ],
51 silly audit   'fs-extra': [ '9.1.0' ],
51 silly audit   'fs-monkey': [ '1.0.6' ],
51 silly audit   'fs.realpath': [ '1.0.0' ],
51 silly audit   fsevents: [ '2.3.3' ],
51 silly audit   'function-bind': [ '1.1.2' ],
51 silly audit   'functional-red-black-tree': [ '1.0.1' ],
51 silly audit   gensync: [ '1.0.0-beta.2' ],
51 silly audit   'get-caller-file': [ '2.0.5' ],
51 silly audit   'get-intrinsic': [ '1.2.7' ],
51 silly audit   'get-proto': [ '1.0.1' ],
51 silly audit   giget: [ '2.0.0' ],
51 silly audit   glob: [ '7.2.3' ],
51 silly audit   'glob-to-regexp': [ '0.4.1' ],
51 silly audit   gopd: [ '1.2.0' ],
51 silly audit   'graceful-fs': [ '4.2.11' ],
51 silly audit   'gzip-size': [ '6.0.0' ],
51 silly audit   'handle-thing': [ '2.0.1' ],
51 silly audit   'has-property-descriptors': [ '1.0.2' ],
51 silly audit   'has-symbols': [ '1.1.0' ],
51 silly audit   'has-tostringtag': [ '1.0.2' ],
51 silly audit   hasown: [ '2.0.2' ],
51 silly audit   he: [ '1.2.0' ],
51 silly audit   'highlight.js': [ '10.7.3' ],
51 silly audit   hookable: [ '5.5.3' ],
51 silly audit   'hosted-git-info': [ '2.8.9' ],
51 silly audit   'hpack.js': [ '2.1.6' ],
51 silly audit   'readable-stream': [ '2.3.8', '3.6.2' ],
51 silly audit   'safe-buffer': [ '5.1.2', '5.2.1' ],
51 silly audit   string_decoder: [ '1.1.1', '1.3.0' ],
51 silly audit   'html-entities': [ '2.5.2' ],
51 silly audit   'html-escaper': [ '2.0.2' ],
51 silly audit   'html-minifier-terser': [ '6.1.0' ],
51 silly audit   'html-webpack-plugin': [ '5.6.3' ],
51 silly audit   htmlparser2: [ '6.1.0' ],
51 silly audit   'http-deceiver': [ '1.2.7' ],
51 silly audit   'http-errors': [ '2.0.0', '1.6.3' ],
51 silly audit   'http-parser-js': [ '0.5.9' ],
51 silly audit   'http-proxy': [ '1.18.1' ],
51 silly audit   'http-proxy-middleware': [ '2.0.7' ],
51 silly audit   'human-signals': [ '2.1.0' ],
51 silly audit   'iconv-lite': [ '0.4.24' ],
51 silly audit   'icss-utils': [ '5.1.0' ],
51 silly audit   ieee754: [ '1.2.1' ],
51 silly audit   immutable: [ '5.0.3' ],
51 silly audit   'import-fresh': [ '3.3.1' ],
51 silly audit   imurmurhash: [ '0.1.4' ],
51 silly audit   inflight: [ '1.0.6' ],
51 silly audit   inherits: [ '2.0.4', '2.0.3' ],
51 silly audit   'ipaddr.js': [ '2.2.0', '1.9.1' ],
51 silly audit   'is-arrayish': [ '0.2.1' ],
51 silly audit   'is-binary-path': [ '2.1.0' ],
51 silly audit   'is-ci': [ '1.2.1' ],
51 silly audit   'is-core-module': [ '2.16.1' ],
51 silly audit   'is-docker': [ '2.2.1' ],
51 silly audit   'is-extglob': [ '2.1.1' ],
51 silly audit   'is-file-esm': [ '1.0.0' ],
51 silly audit   'is-fullwidth-code-point': [ '3.0.0', '2.0.0' ],
51 silly audit   'is-glob': [ '4.0.3' ],
51 silly audit   'is-interactive': [ '1.0.0' ],
51 silly audit   'is-number': [ '7.0.0' ],
51 silly audit   'is-plain-obj': [ '3.0.0' ],
51 silly audit   'is-plain-object': [ '2.0.4' ],
51 silly audit   'is-unicode-supported': [ '0.1.0' ],
51 silly audit   'is-what': [ '4.1.16' ],
51 silly audit   'is-wsl': [ '2.2.0' ],
51 silly audit   isarray: [ '1.0.0' ],
51 silly audit   isexe: [ '2.0.0' ],
51 silly audit   isobject: [ '3.0.1' ],
51 silly audit   'javascript-stringify': [ '2.1.0' ],
51 silly audit   jiti: [ '2.4.2' ],
51 silly audit   joi: [ '17.13.3' ],
51 silly audit   'js-message': [ '1.0.7' ],
51 silly audit   'js-tokens': [ '4.0.0', '9.0.1' ],
51 silly audit   'js-yaml': [ '3.14.1' ],
51 silly audit   jsesc: [ '3.1.0', '3.0.2' ],
51 silly audit   'json-buffer': [ '3.0.1' ],
51 silly audit   'json-parse-better-errors': [ '1.0.2' ],
51 silly audit   'json-parse-even-better-errors': [ '2.3.1' ],
51 silly audit   'json-stable-stringify-without-jsonify': [ '1.0.1' ],
51 silly audit   json5: [ '2.2.3', '1.0.2' ],
51 silly audit   jsonfile: [ '6.1.0' ],
51 silly audit   keyv: [ '4.5.4' ],
51 silly audit   'kind-of': [ '6.0.3' ],
51 silly audit   klona: [ '2.0.6' ],
51 silly audit   knitwork: [ '1.2.0' ],
51 silly audit   'launch-editor': [ '2.10.0' ],
51 silly audit   'launch-editor-middleware': [ '2.10.0' ],
51 silly audit   levn: [ '0.4.1' ],
51 silly audit   lilconfig: [ '2.1.0' ],
51 silly audit   'lines-and-columns': [ '1.2.4' ],
51 silly audit   'loader-runner': [ '4.3.0' ],
51 silly audit   'local-pkg': [ '1.1.1' ],
51 silly audit   'locate-path': [ '5.0.0' ],
51 silly audit   lodash: [ '4.17.21' ],
51 silly audit   'lodash-es': [ '4.17.21' ],
51 silly audit   'lodash-unified': [ '1.0.3' ],
51 silly audit   'lodash.debounce': [ '4.0.8' ],
51 silly audit   'lodash.defaultsdeep': [ '4.6.1' ],
51 silly audit   'lodash.kebabcase': [ '4.1.1' ],
51 silly audit   'lodash.mapvalues': [ '4.6.0' ],
51 silly audit   'lodash.memoize': [ '4.1.2' ],
51 silly audit   'lodash.merge': [ '4.6.2' ],
51 silly audit   'lodash.truncate': [ '4.4.2' ],
51 silly audit   'lodash.uniq': [ '4.5.0' ],
51 silly audit   'log-symbols': [ '4.1.0' ],
51 silly audit   'log-update': [ '2.3.0' ],
51 silly audit   'mimic-fn': [ '1.2.0', '2.1.0' ],
51 silly audit   onetime: [ '2.0.1', '5.1.2' ],
51 silly audit   'restore-cursor': [ '2.0.0', '3.1.0' ],
51 silly audit   'string-width': [ '2.1.1', '4.2.3' ],
51 silly audit   'strip-ansi': [ '4.0.0', '6.0.1' ],
51 silly audit   'wrap-ansi': [ '3.0.1', '7.0.0' ],
51 silly audit   'lower-case': [ '2.0.2' ],
51 silly audit   'magic-string': [ '0.30.17' ],
51 silly audit   'make-dir': [ '3.1.0' ],
51 silly audit   'math-intrinsics': [ '1.1.0' ],
51 silly audit   'mdn-data': [ '2.0.14' ],
51 silly audit   'media-typer': [ '0.3.0' ],
51 silly audit   memfs: [ '3.5.3' ],
51 silly audit   'memoize-one': [ '6.0.0' ],
51 silly audit   'merge-descriptors': [ '1.0.3' ],
51 silly audit   'merge-source-map': [ '1.1.0' ],
51 silly audit   'merge-stream': [ '2.0.0' ],
51 silly audit   merge2: [ '1.4.1' ],
51 silly audit   methods: [ '1.1.2' ],
51 silly audit   micromatch: [ '4.0.8' ],
51 silly audit   mime: [ '1.6.0' ],
51 silly audit   'mime-db': [ '1.52.0' ],
51 silly audit   'mime-types': [ '2.1.35' ],
51 silly audit   'mini-css-extract-plugin': [ '2.9.2' ],
51 silly audit   'minimalistic-assert': [ '1.0.1' ],
51 silly audit   minimatch: [ '3.1.2' ],
51 silly audit   minimist: [ '1.2.8' ],
51 silly audit   minipass: [ '3.3.6' ],
51 silly audit   mitt: [ '3.0.1' ],
51 silly audit   mkdirp: [ '0.5.6' ],
51 silly audit   mlly: [ '1.7.4' ],
51 silly audit   'pkg-types': [ '1.3.1', '2.1.0' ],
51 silly audit   'module-alias': [ '2.2.3' ],
51 silly audit   mrmime: [ '2.0.1' ],
51 silly audit   'multicast-dns': [ '7.2.5' ],
51 silly audit   mz: [ '2.7.0' ],
51 silly audit   nanoid: [ '3.3.8' ],
51 silly audit   'natural-compare': [ '1.4.0' ],
51 silly audit   'neo-async': [ '2.6.2' ],
51 silly audit   'nice-try': [ '1.0.5' ],
51 silly audit   'no-case': [ '3.0.4' ],
51 silly audit   'node-addon-api': [ '7.1.1' ],
51 silly audit   'node-fetch': [ '2.7.0' ],
51 silly audit   'node-fetch-native': [ '1.6.6' ],
51 silly audit   'node-forge': [ '1.3.1' ],
51 silly audit   'node-releases': [ '2.0.19' ],
51 silly audit   'normalize-package-data': [ '2.5.0' ],
51 silly audit   'normalize-path': [ '3.0.0', '1.0.0' ],
51 silly audit   'normalize-range': [ '0.1.2' ],
51 silly audit   'normalize-url': [ '6.1.0' ],
51 silly audit   'normalize-wheel-es': [ '1.2.0' ],
51 silly audit   nprogress: [ '0.2.0' ],
51 silly audit   'nth-check': [ '2.1.1' ],
51 silly audit   nypm: [ '0.6.0' ],
51 silly audit   'object-assign': [ '4.1.1' ],
51 silly audit   'object-inspect': [ '1.13.4' ],
51 silly audit   'object-keys': [ '1.1.1' ],
51 silly audit   'object.assign': [ '4.1.7' ],
51 silly audit   obuf: [ '1.1.2' ],
51 silly audit   ohash: [ '2.0.11' ],
51 silly audit   'on-finished': [ '2.4.1' ],
51 silly audit   'on-headers': [ '1.0.2' ],
51 silly audit   once: [ '1.4.0' ],
51 silly audit   open: [ '8.4.2' ],
51 silly audit   opener: [ '1.5.2' ],
51 silly audit   optionator: [ '0.9.4' ],
51 silly audit   ora: [ '5.4.1' ],
51 silly audit   'p-finally': [ '1.0.0' ],
51 silly audit   'p-limit': [ '2.3.0' ],
51 silly audit   'p-locate': [ '4.1.0' ],
51 silly audit   'p-retry': [ '4.6.2' ],
51 silly audit   'p-try': [ '2.2.0' ],
51 silly audit   'param-case': [ '3.0.4' ],
51 silly audit   'parent-module': [ '1.0.1' ],
51 silly audit   'parse-json': [ '5.2.0' ],
51 silly audit   parse5: [ '5.1.1', '6.0.1' ],
51 silly audit   'parse5-htmlparser2-tree-adapter': [ '6.0.1' ],
51 silly audit   parseurl: [ '1.3.3' ],
51 silly audit   'pascal-case': [ '3.1.2' ],
51 silly audit   'path-exists': [ '4.0.0' ],
51 silly audit   'path-is-absolute': [ '1.0.1' ],
51 silly audit   'path-parse': [ '1.0.7' ],
51 silly audit   'path-to-regexp': [ '0.1.12' ],
51 silly audit   pathe: [ '2.0.3' ],
51 silly audit   'perfect-debounce': [ '1.0.0' ],
51 silly audit   pinia: [ '3.0.1' ],
51 silly audit   'pinia-plugin-persistedstate': [ '4.2.0' ],
51 silly audit   'pkg-dir': [ '4.2.0' ],
51 silly audit   portfinder: [ '1.0.32' ],
51 silly audit   'postcss-calc': [ '8.2.4' ],
51 silly audit   'postcss-colormin': [ '5.3.1' ],
51 silly audit   'postcss-convert-values': [ '5.1.3' ],
51 silly audit   'postcss-discard-comments': [ '5.1.2' ],
51 silly audit   'postcss-discard-duplicates': [ '5.1.0' ],
51 silly audit   'postcss-discard-empty': [ '5.1.1' ],
51 silly audit   'postcss-discard-overridden': [ '5.1.0' ],
51 silly audit   'postcss-loader': [ '6.2.1' ],
51 silly audit   'postcss-merge-longhand': [ '5.1.7' ],
51 silly audit   'postcss-merge-rules': [ '5.1.4' ],
51 silly audit   'postcss-minify-font-values': [ '5.1.0' ],
51 silly audit   'postcss-minify-gradients': [ '5.1.1' ],
51 silly audit   'postcss-minify-params': [ '5.1.4' ],
51 silly audit   'postcss-minify-selectors': [ '5.2.1' ],
51 silly audit   'postcss-modules-extract-imports': [ '3.1.0' ],
51 silly audit   'postcss-modules-local-by-default': [ '4.2.0' ],
51 silly audit   'postcss-selector-parser': [ '7.1.0', '6.1.2' ],
51 silly audit   'postcss-modules-scope': [ '3.2.1' ],
51 silly audit   'postcss-modules-values': [ '4.0.0' ],
51 silly audit   'postcss-normalize-charset': [ '5.1.0' ],
51 silly audit   'postcss-normalize-display-values': [ '5.1.0' ],
51 silly audit   'postcss-normalize-positions': [ '5.1.1' ],
51 silly audit   'postcss-normalize-repeat-style': [ '5.1.1' ],
51 silly audit   'postcss-normalize-string': [ '5.1.0' ],
51 silly audit   'postcss-normalize-timing-functions': [ '5.1.0' ],
51 silly audit   'postcss-normalize-unicode': [ '5.1.1' ],
51 silly audit   'postcss-normalize-url': [ '5.1.0' ],
51 silly audit   'postcss-normalize-whitespace': [ '5.1.1' ],
51 silly audit   'postcss-ordered-values': [ '5.1.3' ],
51 silly audit   'postcss-reduce-initial': [ '5.1.2' ],
51 silly audit   'postcss-reduce-transforms': [ '5.1.0' ],
51 silly audit   'postcss-svgo': [ '5.1.0' ],
51 silly audit   'postcss-unique-selectors': [ '5.1.1' ],
51 silly audit   'postcss-value-parser': [ '4.2.0' ],
51 silly audit   'prelude-ls': [ '1.2.1' ],
51 silly audit   prettier: [ '2.8.8' ],
51 silly audit   'pretty-error': [ '4.0.0' ],
51 silly audit   'process-nextick-args': [ '2.0.1' ],
51 silly audit   progress: [ '2.0.3' ],
51 silly audit   'progress-webpack-plugin': [ '1.0.16' ],
51 silly audit   'proxy-addr': [ '2.0.7' ],
51 silly audit   'proxy-from-env': [ '1.1.0' ],
51 silly audit   pseudomap: [ '1.0.2' ],
51 silly audit   pump: [ '3.0.2' ],
51 silly audit   punycode: [ '2.3.1' ],
51 silly audit   qs: [ '6.13.0' ],
51 silly audit   quansync: [ '0.2.8' ],
51 silly audit   'queue-microtask': [ '1.2.3' ],
51 silly audit   randombytes: [ '2.1.0' ],
51 silly audit   'range-parser': [ '1.2.1' ],
51 silly audit   'raw-body': [ '2.5.2' ],
51 silly audit   rc9: [ '2.1.2' ],
51 silly audit   'read-pkg': [ '5.2.0' ],
51 silly audit   'read-pkg-up': [ '7.0.1' ],
51 silly audit   regenerate: [ '1.4.2' ],
51 silly audit   'regenerate-unicode-properties': [ '10.2.0' ],
51 silly audit   'regenerator-runtime': [ '0.14.1' ],
51 silly audit   'regenerator-transform': [ '0.15.2' ],
51 silly audit   regexpp: [ '3.2.0' ],
51 silly audit   'regexpu-core': [ '6.2.0' ],
51 silly audit   regjsgen: [ '0.8.0' ],
51 silly audit   regjsparser: [ '0.12.0' ],
51 silly audit   relateurl: [ '0.2.7' ],
51 silly audit   renderkid: [ '3.0.0' ],
51 silly audit   'require-directory': [ '2.1.1' ],
51 silly audit   'require-from-string': [ '2.0.2' ],
51 silly audit   'requires-port': [ '1.0.0' ],
51 silly audit   resolve: [ '1.22.10' ],
51 silly audit   'resolve-from': [ '4.0.0' ],
51 silly audit   retry: [ '0.13.1' ],
51 silly audit   reusify: [ '1.0.4' ],
51 silly audit   rfdc: [ '1.4.1' ],
51 silly audit   rimraf: [ '3.0.2' ],
51 silly audit   'run-parallel': [ '1.2.0' ],
51 silly audit   'safer-buffer': [ '2.1.2' ],
51 silly audit   sass: [ '1.85.1' ],
51 silly audit   'sass-loader': [ '16.0.5' ],
51 silly audit   scule: [ '1.3.0' ],
51 silly audit   'select-hose': [ '2.0.0' ],
51 silly audit   selfsigned: [ '2.4.1' ],
51 silly audit   send: [ '0.19.0' ],
51 silly audit   'serialize-javascript': [ '6.0.2' ],
51 silly audit   'serve-index': [ '1.9.1' ],
51 silly audit   setprototypeof: [ '1.1.0', '1.2.0' ],
51 silly audit   statuses: [ '1.5.0', '2.0.1' ],
51 silly audit   'serve-static': [ '1.16.2' ],
51 silly audit   'set-function-length': [ '1.2.2' ],
51 silly audit   'shallow-clone': [ '3.0.1' ],
51 silly audit   'shell-quote': [ '1.8.2' ],
51 silly audit   'side-channel': [ '1.1.0' ],
51 silly audit   'side-channel-list': [ '1.0.0' ],
51 silly audit   'side-channel-map': [ '1.0.1' ],
51 silly audit   'side-channel-weakmap': [ '1.0.2' ],
51 silly audit   'signal-exit': [ '3.0.7' ],
51 silly audit   sirv: [ '2.0.4' ],
51 silly audit   'slice-ansi': [ '4.0.0' ],
51 silly audit   sockjs: [ '0.3.24' ],
51 silly audit   'source-map': [ '0.6.1' ],
51 silly audit   'source-map-js': [ '1.2.1' ],
51 silly audit   'source-map-support': [ '0.5.21' ],
51 silly audit   'spdx-correct': [ '3.2.0' ],
51 silly audit   'spdx-exceptions': [ '2.5.0' ],
51 silly audit   'spdx-expression-parse': [ '3.0.1' ],
51 silly audit   'spdx-license-ids': [ '3.0.21' ],
51 silly audit   spdy: [ '4.0.2' ],
51 silly audit   'spdy-transport': [ '3.0.0' ],
51 silly audit   speakingurl: [ '14.0.1' ],
51 silly audit   'sprintf-js': [ '1.0.3' ],
51 silly audit   ssri: [ '8.0.1' ],
51 silly audit   stable: [ '0.1.8' ],
51 silly audit   stackframe: [ '1.3.4' ],
51 silly audit   'std-env': [ '3.8.1' ],
51 silly audit   'strip-eof': [ '1.0.0' ],
51 silly audit   'strip-final-newline': [ '2.0.0' ],
51 silly audit   'strip-indent': [ '2.0.0' ],
51 silly audit   'strip-json-comments': [ '3.1.1' ],
51 silly audit   'strip-literal': [ '3.0.0' ],
51 silly audit   stylehacks: [ '5.1.1' ],
51 silly audit   superjson: [ '2.2.2' ],
51 silly audit   'supports-preserve-symlinks-flag': [ '1.0.0' ],
51 silly audit   'svg-tags': [ '1.0.0' ],
51 silly audit   svgo: [ '2.8.0' ],
51 silly audit   table: [ '6.9.0' ],
51 silly audit   tapable: [ '2.2.1' ],
51 silly audit   terser: [ '5.39.0' ],
51 silly audit   'terser-webpack-plugin': [ '5.3.11' ],
51 silly audit   'text-table': [ '0.2.0' ],
51 silly audit   thenify: [ '3.3.1' ],
51 silly audit   'thenify-all': [ '1.6.0' ],
51 silly audit   'thread-loader': [ '3.0.4' ],
51 silly audit   thunky: [ '1.1.0' ],
51 silly audit   tinyexec: [ '0.3.2' ],
51 silly audit   tinyglobby: [ '0.2.12' ],
51 silly audit   'to-regex-range': [ '5.0.1' ],
51 silly audit   toidentifier: [ '1.0.1' ],
51 silly audit   totalist: [ '3.0.1' ],
51 silly audit   tr46: [ '0.0.3' ],
51 silly audit   tslib: [ '2.8.1' ],
51 silly audit   'type-check': [ '0.4.0' ],
51 silly audit   'type-is': [ '1.6.18' ],
51 silly audit   ufo: [ '1.5.4' ],
51 silly audit   unctx: [ '2.4.1' ],
51 silly audit   'undici-types': [ '6.20.0' ],
51 silly audit   'unicode-canonical-property-names-ecmascript': [ '2.0.1' ],
51 silly audit   'unicode-match-property-ecmascript': [ '2.0.0' ],
51 silly audit   'unicode-match-property-value-ecmascript': [ '2.2.0' ],
51 silly audit   'unicode-property-aliases-ecmascript': [ '2.1.0' ],
51 silly audit   'unicorn-magic': [ '0.3.0' ],
51 silly audit   unimport: [ '4.1.2' ],
51 silly audit   universalify: [ '2.0.1' ],
51 silly audit   unpipe: [ '1.0.0' ],
51 silly audit   unplugin: [ '2.2.0' ],
51 silly audit   'unplugin-utils': [ '0.2.4' ],
51 silly audit   'webpack-virtual-modules': [ '0.6.2', '0.4.6' ],
51 silly audit   untyped: [ '2.0.0' ],
51 silly audit   'update-browserslist-db': [ '1.1.2' ],
51 silly audit   'uri-js': [ '4.4.1' ],
51 silly audit   'util-deprecate': [ '1.0.2' ],
51 silly audit   utila: [ '0.4.0' ],
51 silly audit   'utils-merge': [ '1.0.1' ],
51 silly audit   uuid: [ '8.3.2' ],
51 silly audit   'v8-compile-cache': [ '2.4.0' ],
51 silly audit   'validate-npm-package-license': [ '3.0.4' ],
51 silly audit   vary: [ '1.1.2' ],
51 silly audit   vue: [ '3.5.13' ],
51 silly audit   'vue-demi': [ '0.14.10' ],
51 silly audit   'vue-eslint-parser': [ '8.3.0' ],
51 silly audit   'vue-hot-reload-api': [ '2.3.4' ],
51 silly audit   'vue-router': [ '4.5.0' ],
51 silly audit   'vue-style-loader': [ '4.1.3' ],
51 silly audit   'vue-template-es2015-compiler': [ '1.9.1' ],
51 silly audit   vuex: [ '4.1.0' ],
51 silly audit   watchpack: [ '2.4.2' ],
51 silly audit   wbuf: [ '1.7.3' ],
51 silly audit   wcwidth: [ '1.0.1' ],
51 silly audit   'webidl-conversions': [ '3.0.1' ],
51 silly audit   webpack: [ '5.98.0' ],
51 silly audit   'webpack-bundle-analyzer': [ '4.10.2' ],
51 silly audit   'webpack-chain': [ '6.5.1' ],
51 silly audit   'webpack-dev-middleware': [ '5.3.4' ],
51 silly audit   'webpack-dev-server': [ '4.15.2' ],
51 silly audit   ws: [ '8.18.1', '7.5.10' ],
51 silly audit   'webpack-merge': [ '5.10.0' ],
51 silly audit   'webpack-sources': [ '3.2.3' ],
51 silly audit   'websocket-driver': [ '0.7.4' ],
51 silly audit   'websocket-extensions': [ '0.1.4' ],
51 silly audit   'whatwg-fetch': [ '3.6.20' ],
51 silly audit   'whatwg-url': [ '5.0.0' ],
51 silly audit   wildcard: [ '2.0.1' ],
51 silly audit   'word-wrap': [ '1.2.5' ],
51 silly audit   wrappy: [ '1.0.2' ],
51 silly audit   y18n: [ '5.0.8' ],
51 silly audit   yaml: [ '1.10.2' ],
51 silly audit   yargs: [ '16.2.0' ],
51 silly audit   'yargs-parser': [ '20.2.9' ],
51 silly audit   yorkie: [ '2.0.0' ],
51 silly audit   mockjs: [ '1.1.0' ]
51 silly audit }
52 verbose reify failed optional dependency C:\Users\hp\Desktop\数据库设计\we_read_web\node_modules\fsevents
53 silly reify mark deleted [
53 silly reify   'C:\\Users\\hp\\Desktop\\数据库设计\\we_read_web\\node_modules\\fsevents'
53 silly reify ]
54 verbose reify failed optional dependency C:\Users\hp\Desktop\数据库设计\we_read_web\node_modules\@parcel\watcher-win32-ia32
55 silly reify mark deleted [
55 silly reify   'C:\\Users\\hp\\Desktop\\数据库设计\\we_read_web\\node_modules\\@parcel\\watcher-win32-ia32'
55 silly reify ]
56 verbose reify failed optional dependency C:\Users\hp\Desktop\数据库设计\we_read_web\node_modules\@parcel\watcher-win32-arm64
57 silly reify mark deleted [
57 silly reify   'C:\\Users\\hp\\Desktop\\数据库设计\\we_read_web\\node_modules\\@parcel\\watcher-win32-arm64'
57 silly reify ]
58 verbose reify failed optional dependency C:\Users\hp\Desktop\数据库设计\we_read_web\node_modules\@parcel\watcher-linux-x64-musl
59 silly reify mark deleted [
59 silly reify   'C:\\Users\\hp\\Desktop\\数据库设计\\we_read_web\\node_modules\\@parcel\\watcher-linux-x64-musl'
59 silly reify ]
60 verbose reify failed optional dependency C:\Users\hp\Desktop\数据库设计\we_read_web\node_modules\@parcel\watcher-linux-x64-glibc
61 silly reify mark deleted [
61 silly reify   'C:\\Users\\hp\\Desktop\\数据库设计\\we_read_web\\node_modules\\@parcel\\watcher-linux-x64-glibc'
61 silly reify ]
62 verbose reify failed optional dependency C:\Users\hp\Desktop\数据库设计\we_read_web\node_modules\@parcel\watcher-linux-arm64-musl
63 silly reify mark deleted [
63 silly reify   'C:\\Users\\hp\\Desktop\\数据库设计\\we_read_web\\node_modules\\@parcel\\watcher-linux-arm64-musl'
63 silly reify ]
64 verbose reify failed optional dependency C:\Users\hp\Desktop\数据库设计\we_read_web\node_modules\@parcel\watcher-linux-arm64-glibc
65 silly reify mark deleted [
65 silly reify   'C:\\Users\\hp\\Desktop\\数据库设计\\we_read_web\\node_modules\\@parcel\\watcher-linux-arm64-glibc'
65 silly reify ]
66 verbose reify failed optional dependency C:\Users\hp\Desktop\数据库设计\we_read_web\node_modules\@parcel\watcher-linux-arm-musl
67 silly reify mark deleted [
67 silly reify   'C:\\Users\\hp\\Desktop\\数据库设计\\we_read_web\\node_modules\\@parcel\\watcher-linux-arm-musl'
67 silly reify ]
68 verbose reify failed optional dependency C:\Users\hp\Desktop\数据库设计\we_read_web\node_modules\@parcel\watcher-linux-arm-glibc
69 silly reify mark deleted [
69 silly reify   'C:\\Users\\hp\\Desktop\\数据库设计\\we_read_web\\node_modules\\@parcel\\watcher-linux-arm-glibc'
69 silly reify ]
70 verbose reify failed optional dependency C:\Users\hp\Desktop\数据库设计\we_read_web\node_modules\@parcel\watcher-freebsd-x64
71 silly reify mark deleted [
71 silly reify   'C:\\Users\\hp\\Desktop\\数据库设计\\we_read_web\\node_modules\\@parcel\\watcher-freebsd-x64'
71 silly reify ]
72 verbose reify failed optional dependency C:\Users\hp\Desktop\数据库设计\we_read_web\node_modules\@parcel\watcher-darwin-x64
73 silly reify mark deleted [
73 silly reify   'C:\\Users\\hp\\Desktop\\数据库设计\\we_read_web\\node_modules\\@parcel\\watcher-darwin-x64'
73 silly reify ]
74 verbose reify failed optional dependency C:\Users\hp\Desktop\数据库设计\we_read_web\node_modules\@parcel\watcher-darwin-arm64
75 silly reify mark deleted [
75 silly reify   'C:\\Users\\hp\\Desktop\\数据库设计\\we_read_web\\node_modules\\@parcel\\watcher-darwin-arm64'
75 silly reify ]
76 verbose reify failed optional dependency C:\Users\hp\Desktop\数据库设计\we_read_web\node_modules\@parcel\watcher-android-arm64
77 silly reify mark deleted [
77 silly reify   'C:\\Users\\hp\\Desktop\\数据库设计\\we_read_web\\node_modules\\@parcel\\watcher-android-arm64'
77 silly reify ]
78 timing reifyNode:node_modules/fsevents Completed in 16ms
79 timing reifyNode:node_modules/@parcel/watcher-win32-ia32 Completed in 17ms
80 timing reifyNode:node_modules/@parcel/watcher-win32-arm64 Completed in 17ms
81 timing reifyNode:node_modules/@parcel/watcher-linux-x64-musl Completed in 16ms
82 timing reifyNode:node_modules/@parcel/watcher-linux-x64-glibc Completed in 16ms
83 timing reifyNode:node_modules/@parcel/watcher-linux-arm64-musl Completed in 16ms
84 timing reifyNode:node_modules/@parcel/watcher-linux-arm64-glibc Completed in 15ms
85 timing reifyNode:node_modules/@parcel/watcher-linux-arm-musl Completed in 15ms
86 timing reifyNode:node_modules/@parcel/watcher-linux-arm-glibc Completed in 15ms
87 timing reifyNode:node_modules/@parcel/watcher-freebsd-x64 Completed in 15ms
88 timing reifyNode:node_modules/@parcel/watcher-darwin-x64 Completed in 15ms
89 timing reifyNode:node_modules/@parcel/watcher-darwin-arm64 Completed in 15ms
90 timing reifyNode:node_modules/@parcel/watcher-android-arm64 Completed in 15ms
91 silly tarball no local data for mockjs@https://registry.npmmirror.com/mockjs/-/mockjs-1.1.0.tgz. Extracting by manifest.
92 http fetch GET 200 https://registry.npmmirror.com/npm 3188ms (cache updated)
93 http fetch POST 404 https://registry.npmmirror.com/-/npm/v1/security/advisories/bulk 187ms (cache skip)
94 silly audit bulk request failed [object Object]
95 http fetch POST 404 https://registry.npmmirror.com/-/npm/v1/security/audits/quick 100ms (cache skip)
96 verbose audit error HttpErrorGeneral: 404 Not Found - POST https://registry.npmmirror.com/-/npm/v1/security/audits/quick - [NOT_IMPLEMENTED] /-/npm/v1/security/* not implemented yet
96 verbose audit error     at C:\Program Files\nodejs\node_modules\npm\node_modules\npm-registry-fetch\lib\check-response.js:95:15
96 verbose audit error     at process.processTicksAndRejections (node:internal/process/task_queues:95:5)
96 verbose audit error     at async [getReport] (C:\Program Files\nodejs\node_modules\npm\node_modules\@npmcli\arborist\lib\audit-report.js:335:21)
96 verbose audit error     at async AuditReport.run (C:\Program Files\nodejs\node_modules\npm\node_modules\@npmcli\arborist\lib\audit-report.js:106:19) {
96 verbose audit error   headers: [Object: null prototype] {
96 verbose audit error     server: [ 'Tengine' ],
96 verbose audit error     date: [ 'Fri, 13 Feb 2026 05:26:49 GMT' ],
96 verbose audit error     'content-type': [ 'application/json' ],
96 verbose audit error     'transfer-encoding': [ 'chunked' ],
96 verbose audit error     connection: [ 'keep-alive' ],
96 verbose audit error     'strict-transport-security': [ 'max-age=5184000' ],
96 verbose audit error     via: [ 'kunlun3.cn7495[,404666]' ],
96 verbose audit error     'timing-allow-origin': [ '*' ],
96 verbose audit error     eagleid: [ '2483841717709604098961411e' ],
96 verbose audit error     'x-fetch-attempts': [ '1' ],
96 verbose audit error     'x-local-cache-status': [ 'skip' ]
96 verbose audit error   },
96 verbose audit error   statusCode: 404,
96 verbose audit error   code: 'E404',
96 verbose audit error   method: 'POST',
96 verbose audit error   uri: 'https://registry.npmmirror.com/-/npm/v1/security/audits/quick',
96 verbose audit error   body: {
96 verbose audit error     error: '[NOT_IMPLEMENTED] /-/npm/v1/security/* not implemented yet'
96 verbose audit error   },
96 verbose audit error   pkgid: undefined
96 verbose audit error }
97 silly audit error [object Object]
98 timing auditReport:getReport Completed in 951ms
99 silly audit report null
100 timing reify:audit Completed in 951ms
101 http fetch GET 200 https://cdn.npmmirror.com/packages/mockjs/1.1.0/mockjs-1.1.0.tgz 1887ms (cache miss)
102 timing reifyNode:node_modules/mockjs Completed in 1926ms
103 timing reify:unpack Completed in 1927ms
104 timing reify:unretire Completed in 1ms
105 timing build:queue Completed in 4ms
106 timing build:link:node_modules/mockjs Completed in 23ms
107 timing build:link Completed in 23ms
108 timing build:deps Completed in 27ms
109 timing build Completed in 28ms
110 timing reify:build Completed in 29ms
111 timing reify:trash Completed in 1909ms
112 timing reify:save Completed in 1055ms
113 timing reify Completed in 8349ms
114 silly ADD node_modules/mockjs
115 silly ADD
116 silly ADD
117 silly ADD
118 silly ADD
119 silly ADD
120 silly ADD
121 silly ADD
122 silly ADD
123 silly ADD
124 silly ADD
125 silly ADD
126 silly ADD
127 silly ADD
128 timing command:install Completed in 8366ms
129 notice
129 notice New [31mmajor[39m version of npm available! [31m10.1.0[39m -> [32m11.10.0[39m
129 notice Changelog: [36mhttps://github.com/npm/cli/releases/tag/v11.10.0[39m
129 notice Run [32mnpm install -g npm@11.10.0[39m to update!
129 notice
130 verbose exit 0
131 timing npm Completed in 9877ms
132 info ok
