0 verbose cli C:\Program Files\nodejs\node.exe C:\Program Files\nodejs\node_modules\npm\bin\npm-cli.js
1 info using npm@10.1.0
2 info using node@v20.9.0
3 timing npm:load:whichnode Completed in 3ms
4 timing config:load:defaults Completed in 2ms
5 timing config:load:file:C:\Program Files\nodejs\node_modules\npm\npmrc Completed in 5ms
6 timing config:load:builtin Completed in 5ms
7 timing config:load:cli Completed in 3ms
8 timing config:load:env Completed in 1ms
9 timing config:load:file:C:\Users\hp\Desktop\Graduation\we_read_web\.npmrc Completed in 0ms
10 timing config:load:project Completed in 3ms
11 timing config:load:file:C:\Users\hp\.npmrc Completed in 1ms
12 timing config:load:user Completed in 1ms
13 timing config:load:file:C:\Program Files\nodejs\node_global\etc\npmrc Completed in 0ms
14 timing config:load:global Completed in 0ms
15 timing config:load:setEnvs Completed in 1ms
16 timing config:load Completed in 17ms
17 timing npm:load:configload Completed in 17ms
18 timing config:load:flatten Completed in 3ms
19 timing npm:load:mkdirpcache Completed in 2ms
20 timing npm:load:mkdirplogs Completed in 1ms
21 verbose title npm run serve
22 verbose argv "--cache" "c:\\Users\\hp\\Desktop\\Graduation\\we_read_web\\.npm-cache" "run" "serve"
23 timing npm:load:setTitle Completed in 1ms
24 timing npm:load:display Completed in 1ms
25 verbose logfile logs-max:10 dir:c:\Users\hp\Desktop\Graduation\we_read_web\.npm-cache\_logs\2026-03-26T09_35_08_856Z-
26 verbose logfile c:\Users\hp\Desktop\Graduation\we_read_web\.npm-cache\_logs\2026-03-26T09_35_08_856Z-debug-0.log
27 timing npm:load:logFile Completed in 21ms
28 timing npm:load:timers Completed in 0ms
29 timing npm:load:configScope Completed in 0ms
30 timing npm:load Completed in 571ms
31 silly logfile done cleaning log files
32 http fetch GET 200 https://registry.npmmirror.com/npm 1807ms (cache updated)
33 timing command:run Completed in 88850ms
34 notice
34 notice New [31mmajor[39m version of npm available! [31m10.1.0[39m -> [32m11.12.0[39m
34 notice Changelog: [36mhttps://github.com/npm/cli/releases/tag/v11.12.0[39m
34 notice Run [32mnpm install -g npm@11.12.0[39m to update!
34 notice
35 verbose exit 0
36 timing npm Completed in 90281ms
37 info ok
